<?xml version="1.0" encoding="UTF-8"?>
<!-- Generated by org.testng.reporters.JUnitReportReporter -->
<testsuite skipped="0" hostname="LAPTOP-G8T2QIRH" name="planet.moon.testcase.CntctTest" tests="3" failures="0" timestamp="25 Sep 2022 04:07:58 GMT" time="64.220" errors="0">
  <testcase name="createContact" time="21.925" classname="planet.moon.testcase.CntctTest"/>
  <testcase name="createContact" time="20.800" classname="planet.moon.testcase.CntctTest"/>
  <testcase name="createContact" time="21.495" classname="planet.moon.testcase.CntctTest"/>
</testsuite> <!-- planet.moon.testcase.CntctTest -->
