<?xml version="1.0" encoding="UTF-8"?>
<!-- Generated by org.testng.reporters.JUnitReportReporter -->
<testsuite skipped="0" hostname="LAPTOP-G8T2QIRH" name="planet.moon.testcase.HmTest" tests="2" failures="0" timestamp="25 Sep 2022 04:07:58 GMT" time="25.144" errors="0">
  <testcase name="validateHomePageTitleTest" time="11.608" classname="planet.moon.testcase.HmTest"/>
  <testcase name="validateLoggedInUserNameTest" time="13.536" classname="planet.moon.testcase.HmTest"/>
</testsuite> <!-- planet.moon.testcase.HmTest -->
