<?xml version="1.0" encoding="UTF-8"?>
<!-- Generated by org.testng.reporters.JUnitReportReporter -->
<testsuite skipped="0" hostname="LAPTOP-G8T2QIRH" name="planet.moon.testcase.LgnTest" tests="2" failures="0" timestamp="25 Sep 2022 04:07:58 GMT" time="22.200" errors="0">
  <testcase name="loginPageTitleTest" time="8.640" classname="planet.moon.testcase.LgnTest"/>
  <testcase name="loginTest" time="13.560" classname="planet.moon.testcase.LgnTest"/>
</testsuite> <!-- planet.moon.testcase.LgnTest -->
