<?xml version="1.0" encoding="UTF-8"?>
<!-- Generated by org.testng.reporters.JUnitReportReporter -->
<testsuite hostname="LAPTOP-G8T2QIRH" failures="0" tests="2" name="planet.moon.testcase.LgnTest" time="55.150" errors="0" timestamp="2022-07-18T16:30:25 IST" skipped="0">
  <testcase classname="planet.moon.testcase.LgnTest" name="loginPageTitleTest" time="28.437"/>
  <system-out/>
  <testcase classname="planet.moon.testcase.LgnTest" name="loginTest" time="26.713"/>
  <system-out/>
</testsuite> <!-- planet.moon.testcase.LgnTest -->
