<?xml version="1.0" encoding="UTF-8"?>
<!-- Generated by org.testng.reporters.JUnitReportReporter -->
<testsuite hostname="LAPTOP-G8T2QIRH" failures="0" tests="3" name="planet.moon.testcase.CntctTest" time="155.676" errors="0" timestamp="2022-07-18T16:30:25 IST" skipped="0">
  <testcase classname="planet.moon.testcase.CntctTest" name="createContact" time="36.192"/>
  <system-out/>
  <testcase classname="planet.moon.testcase.CntctTest" name="createContact" time="50.798"/>
  <system-out/>
  <testcase classname="planet.moon.testcase.CntctTest" name="createContact" time="68.686"/>
  <system-out/>
</testsuite> <!-- planet.moon.testcase.CntctTest -->
